<?xml version="1.0" encoding="UTF-8"?>
<testsuite name="r5a08.tp1.UserGreatingTest" tests="4" skipped="0" failures="0" errors="0" timestamp="2024-09-24T08:49:50" hostname="einfolearning" time="0.01">
  <properties/>
  <testcase name="formatGreeting_has_less_than_10_char()" classname="r5a08.tp1.UserGreatingTest" time="0.007"/>
  <testcase name="formatGreeting_resultat_is_ok()" classname="r5a08.tp1.UserGreatingTest" time="0.0"/>
  <testcase name="formatGreeting_is_not_empty()" classname="r5a08.tp1.UserGreatingTest" time="0.0"/>
  <testcase name="formatGreeting_does_not_contain_special_char()" classname="r5a08.tp1.UserGreatingTest" time="0.001"/>
  <system-out><![CDATA[]]></system-out>
  <system-err><![CDATA[]]></system-err>
</testsuite>
