<?xml version="1.0" encoding="UTF-8"?>
<testsuite name="r5a08.tp1.UserGreatingTest" tests="1" skipped="0" failures="0" errors="0" timestamp="2024-09-17T10:19:41" hostname="einfolearning" time="0.007">
  <properties/>
  <testcase name="formatGreeting_is_not_empty()" classname="r5a08.tp1.UserGreatingTest" time="0.007"/>
  <system-out><![CDATA[]]></system-out>
  <system-err><![CDATA[]]></system-err>
</testsuite>
